<?xml version="1.0" encoding="UTF-8"?>
<!-- Generated by org.testng.reporters.JUnitReportReporter -->
<testsuite hostname="SYNPYBRLG02L20S" failures="0" tests="1" name="Actitime.LoginPageToActiTime" time="9.587" errors="0" timestamp="2023-10-11T17:03:49 IST" skipped="0">
  <testcase classname="Actitime.LoginPageToActiTime" name="logIntoAppTest" time="9.587"/>
  <system-out/>
</testsuite> <!-- Actitime.LoginPageToActiTime -->
